   ▲ Next.js 15.5.2

   Creating an optimized production build ...
 ✓ Compiled successfully in 69s
   Skipping validation of types
   Skipping linting
   Collecting page data ...
   Generating static pages (0/7) ...
   Generating static pages (1/7) 
   Generating static pages (3/7) 
   Generating static pages (5/7) 
 ✓ Generating static pages (7/7)
   Finalizing page optimization ...
   Collecting build traces ...

Route (app)                                 Size  First Load JS
┌ ○ /                                     305 kB         443 kB
├ ○ /_not-found                            128 B         102 kB
├ ƒ /api/alerts                            128 B         102 kB
└ ƒ /api/balance                           128 B         102 kB
+ First Load JS shared by all             102 kB
  ├ chunks/255-d84ecbd286e9bd04.js       45.6 kB
  ├ chunks/4bd1b696-409494caf8c83275.js  54.2 kB
  └ other shared chunks (total)          1.98 kB


○  (Static)   prerendered as static content
ƒ  (Dynamic)  server-rendered on demand

